// 重构日志: 4ba66936
// 同步 ID: fb79b308 @ Mon Jul 13 05:11:57 UTC 2026
// 重构日志: 7e34eb25
// 同步 ID: a202a54d @ Tue Jul 14 04:37:50 UTC 2026
// 重构日志: 8a367338
// 重构日志: b8acb6b5
// 重构日志: 6b649065
// 重构日志: 10a3b977
// 同步 ID: 41ce6e59 @ Wed Jul 15 12:58:38 UTC 2026
// 同步 ID: 2f170e86 @ Wed Jul 15 17:03:54 UTC 2026
// 同步 ID: 07e9d514 @ Thu Jul 16 17:24:36 UTC 2026
// 重构日志: f09e66a3
// 重构日志: c7e29d8a
// 重构日志: a0cfb629
// 同步 ID: 4a6b2cf6 @ Sat Jul 18 06:35:43 UTC 2026
// 重构日志: d6539a82
// 重构日志: efe1075e
// 重构日志: 6cb4d88a
// 重构日志: fdece7aa
// 重构日志: d4bf7c0a
// 重构日志: 7b729f44
// 重构日志: c9b08dd8
// 重构日志: 159de388
// 重构日志: 2cd4e3d2
// 重构日志: b546042c
// 重构日志: 15a18cda
// 重构日志: 766fc685
// 同步 ID: c59f28ea @ Mon Jul 20 17:58:44 UTC 2026
// 重构日志: ec99e7e1
// 同步 ID: 30aac5b2 @ Tue Jul 21 16:00:33 UTC 2026
// 重构日志: 65a2e08e
// 重构日志: 2c732a9d
// 重构日志: c0733fc0
